{"/Users/dmytrocat/Projects/mconnect-bus-nodejs/src/modules/registrator/index.ts": {"path":"/Users/dmytrocat/Projects/mconnect-bus-nodejs/src/modules/registrator/index.ts","statementMap":{"0":{"start":{"line":1,"column":0},"end":{"line":1,"column":34}},"1":{"start":{"line":4,"column":0},"end":{"line":4,"column":69}},"2":{"start":{"line":6,"column":0},"end":{"line":6,"column":36}},"3":{"start":{"line":7,"column":0},"end":{"line":7,"column":58}},"4":{"start":{"line":8,"column":0},"end":{"line":8,"column":38}},"5":{"start":{"line":10,"column":0},"end":{"line":10,"column":65}},"6":{"start":{"line":12,"column":0},"end":{"line":12,"column":55}},"7":{"start":{"line":29,"column":31},"end":{"line":29,"column":47}},"8":{"start":{"line":32,"column":4},"end":{"line":32,"column":41}},"9":{"start":{"line":34,"column":4},"end":{"line":42,"column":null}},"10":{"start":{"line":35,"column":6},"end":{"line":35,"column":44}},"11":{"start":{"line":37,"column":6},"end":{"line":37,"column":72}},"12":{"start":{"line":37,"column":24},"end":{"line":37,"column":55}},"13":{"start":{"line":39,"column":6},"end":{"line":39,"column":97}},"14":{"start":{"line":39,"column":54},"end":{"line":39,"column":95}},"15":{"start":{"line":41,"column":6},"end":{"line":41,"column":61}},"16":{"start":{"line":46,"column":4},"end":{"line":114,"column":null}},"17":{"start":{"line":47,"column":37},"end":{"line":47,"column":65}},"18":{"start":{"line":49,"column":6},"end":{"line":111,"column":null}},"19":{"start":{"line":50,"column":27},"end":{"line":50,"column":37}},"20":{"start":{"line":52,"column":45},"end":{"line":52,"column":85}},"21":{"start":{"line":54,"column":8},"end":{"line":57,"column":null}},"22":{"start":{"line":55,"column":10},"end":{"line":55,"column":92}},"23":{"start":{"line":56,"column":10},"end":{"line":56,"column":16}},"24":{"start":{"line":59,"column":44},"end":{"line":62,"column":10}},"25":{"start":{"line":64,"column":32},"end":{"line":64,"column":72}},"26":{"start":{"line":66,"column":8},"end":{"line":73,"column":null}},"27":{"start":{"line":67,"column":10},"end":{"line":72,"column":13}},"28":{"start":{"line":75,"column":23},"end":{"line":81,"column":10}},"29":{"start":{"line":83,"column":8},"end":{"line":86,"column":null}},"30":{"start":{"line":84,"column":10},"end":{"line":84,"column":259}},"31":{"start":{"line":85,"column":10},"end":{"line":85,"column":17}},"32":{"start":{"line":88,"column":8},"end":{"line":88,"column":63}},"33":{"start":{"line":90,"column":8},"end":{"line":110,"column":11}},"34":{"start":{"line":95,"column":32},"end":{"line":110,"column":10}},"35":{"start":{"line":96,"column":10},"end":{"line":96,"column":120}},"36":{"start":{"line":96,"column":21},"end":{"line":96,"column":120}},"37":{"start":{"line":98,"column":25},"end":{"line":104,"column":12}},"38":{"start":{"line":106,"column":10},"end":{"line":109,"column":null}},"39":{"start":{"line":107,"column":12},"end":{"line":107,"column":207}},"40":{"start":{"line":108,"column":12},"end":{"line":108,"column":19}},"41":{"start":{"line":113,"column":6},"end":{"line":113,"column":87}},"42":{"start":{"line":118,"column":17},"end":{"line":118,"column":99}},"43":{"start":{"line":119,"column":17},"end":{"line":119,"column":51}},"44":{"start":{"line":121,"column":4},"end":{"line":129,"column":6}},"45":{"start":{"line":133,"column":4},"end":{"line":166,"column":null}},"46":{"start":{"line":134,"column":31},"end":{"line":134,"column":63}},"47":{"start":{"line":136,"column":6},"end":{"line":136,"column":66}},"48":{"start":{"line":136,"column":59},"end":{"line":136,"column":66}},"49":{"start":{"line":138,"column":42},"end":{"line":141,"column":8}},"50":{"start":{"line":143,"column":6},"end":{"line":145,"column":null}},"51":{"start":{"line":144,"column":8},"end":{"line":144,"column":125}},"52":{"start":{"line":147,"column":22},"end":{"line":147,"column":73}},"53":{"start":{"line":149,"column":6},"end":{"line":152,"column":null}},"54":{"start":{"line":150,"column":8},"end":{"line":150,"column":126}},"55":{"start":{"line":151,"column":8},"end":{"line":151,"column":15}},"56":{"start":{"line":154,"column":6},"end":{"line":159,"column":9}},"57":{"start":{"line":161,"column":25},"end":{"line":161,"column":84}},"58":{"start":{"line":163,"column":6},"end":{"line":163,"column":82}},"59":{"start":{"line":165,"column":6},"end":{"line":165,"column":86}},"60":{"start":{"line":170,"column":4},"end":{"line":279,"column":null}},"61":{"start":{"line":171,"column":29},"end":{"line":171,"column":45}},"62":{"start":{"line":173,"column":46},"end":{"line":173,"column":81}},"63":{"start":{"line":175,"column":6},"end":{"line":175,"column":28}},"64":{"start":{"line":175,"column":21},"end":{"line":175,"column":28}},"65":{"start":{"line":177,"column":26},"end":{"line":177,"column":43}},"66":{"start":{"line":179,"column":65},"end":{"line":179,"column":74}},"67":{"start":{"line":181,"column":25},"end":{"line":183,"column":45}},"68":{"start":{"line":182,"column":8},"end":{"line":182,"column":99}},"69":{"start":{"line":182,"column":48},"end":{"line":182,"column":97}},"70":{"start":{"line":185,"column":27},"end":{"line":185,"column":62}},"71":{"start":{"line":187,"column":6},"end":{"line":187,"column":32}},"72":{"start":{"line":187,"column":25},"end":{"line":187,"column":32}},"73":{"start":{"line":189,"column":25},"end":{"line":189,"column":34}},"74":{"start":{"line":191,"column":21},"end":{"line":191,"column":70}},"75":{"start":{"line":193,"column":20},"end":{"line":193,"column":78}},"76":{"start":{"line":195,"column":38},"end":{"line":197,"column":39}},"77":{"start":{"line":196,"column":8},"end":{"line":196,"column":54}},"78":{"start":{"line":199,"column":23},"end":{"line":199,"column":84}},"79":{"start":{"line":201,"column":41},"end":{"line":203,"column":39}},"80":{"start":{"line":202,"column":8},"end":{"line":202,"column":54}},"81":{"start":{"line":205,"column":27},"end":{"line":207,"column":51}},"82":{"start":{"line":206,"column":8},"end":{"line":206,"column":46}},"83":{"start":{"line":209,"column":35},"end":{"line":211,"column":8}},"84":{"start":{"line":210,"column":8},"end":{"line":210,"column":58}},"85":{"start":{"line":213,"column":41},"end":{"line":215,"column":8}},"86":{"start":{"line":214,"column":8},"end":{"line":214,"column":81}},"87":{"start":{"line":217,"column":20},"end":{"line":223,"column":9}},"88":{"start":{"line":218,"column":8},"end":{"line":218,"column":60}},"89":{"start":{"line":218,"column":39},"end":{"line":218,"column":58}},"90":{"start":{"line":219,"column":22},"end":{"line":223,"column":8}},"91":{"start":{"line":225,"column":22},"end":{"line":238,"column":8}},"92":{"start":{"line":226,"column":37},"end":{"line":228,"column":10}},"93":{"start":{"line":227,"column":10},"end":{"line":227,"column":86}},"94":{"start":{"line":230,"column":30},"end":{"line":230,"column":86}},"95":{"start":{"line":232,"column":8},"end":{"line":237,"column":10}},"96":{"start":{"line":240,"column":64},"end":{"line":265,"column":8}},"97":{"start":{"line":267,"column":6},"end":{"line":267,"column":107}},"98":{"start":{"line":267,"column":38},"end":{"line":267,"column":107}},"99":{"start":{"line":268,"column":6},"end":{"line":268,"column":113}},"100":{"start":{"line":268,"column":41},"end":{"line":268,"column":113}},"101":{"start":{"line":269,"column":6},"end":{"line":271,"column":null}},"102":{"start":{"line":270,"column":8},"end":{"line":270,"column":92}},"103":{"start":{"line":274,"column":6},"end":{"line":274,"column":133}},"104":{"start":{"line":276,"column":6},"end":{"line":276,"column":37}},"105":{"start":{"line":278,"column":6},"end":{"line":278,"column":83}},"106":{"start":{"line":283,"column":17},"end":{"line":283,"column":99}},"107":{"start":{"line":284,"column":17},"end":{"line":284,"column":51}},"108":{"start":{"line":286,"column":4},"end":{"line":294,"column":6}},"109":{"start":{"line":298,"column":44},"end":{"line":298,"column":52}},"110":{"start":{"line":300,"column":4},"end":{"line":312,"column":null}},"111":{"start":{"line":301,"column":43},"end":{"line":301,"column":79}},"112":{"start":{"line":303,"column":6},"end":{"line":305,"column":null}},"113":{"start":{"line":304,"column":8},"end":{"line":304,"column":136}},"114":{"start":{"line":307,"column":6},"end":{"line":309,"column":null}},"115":{"start":{"line":308,"column":8},"end":{"line":308,"column":137}},"116":{"start":{"line":311,"column":6},"end":{"line":311,"column":111}},"117":{"start":{"line":316,"column":35},"end":{"line":316,"column":43}},"118":{"start":{"line":318,"column":4},"end":{"line":340,"column":null}},"119":{"start":{"line":319,"column":27},"end":{"line":322,"column":8}},"120":{"start":{"line":324,"column":6},"end":{"line":335,"column":null}},"121":{"start":{"line":325,"column":8},"end":{"line":332,"column":null}},"122":{"start":{"line":326,"column":10},"end":{"line":331,"column":13}},"123":{"start":{"line":334,"column":8},"end":{"line":334,"column":116}},"124":{"start":{"line":337,"column":6},"end":{"line":337,"column":26}},"125":{"start":{"line":339,"column":6},"end":{"line":339,"column":109}},"126":{"start":{"line":348,"column":35},"end":{"line":348,"column":43}},"127":{"start":{"line":350,"column":19},"end":{"line":356,"column":6}},"128":{"start":{"line":358,"column":4},"end":{"line":360,"column":null}},"129":{"start":{"line":359,"column":6},"end":{"line":359,"column":190}},"130":{"start":{"line":367,"column":4},"end":{"line":385,"column":7}},"131":{"start":{"line":372,"column":28},"end":{"line":385,"column":6}},"132":{"start":{"line":373,"column":6},"end":{"line":373,"column":110}},"133":{"start":{"line":373,"column":17},"end":{"line":373,"column":110}},"134":{"start":{"line":375,"column":6},"end":{"line":384,"column":null}},"135":{"start":{"line":376,"column":8},"end":{"line":380,"column":10}},"136":{"start":{"line":382,"column":8},"end":{"line":382,"column":36}},"137":{"start":{"line":383,"column":8},"end":{"line":383,"column":15}},"138":{"start":{"line":389,"column":4},"end":{"line":425,"column":null}},"139":{"start":{"line":390,"column":37},"end":{"line":390,"column":65}},"140":{"start":{"line":392,"column":6},"end":{"line":422,"column":null}},"141":{"start":{"line":393,"column":27},"end":{"line":393,"column":42}},"142":{"start":{"line":395,"column":8},"end":{"line":400,"column":null}},"143":{"start":{"line":396,"column":10},"end":{"line":396,"column":65}},"144":{"start":{"line":398,"column":10},"end":{"line":398,"column":38}},"145":{"start":{"line":399,"column":10},"end":{"line":399,"column":17}},"146":{"start":{"line":402,"column":32},"end":{"line":402,"column":79}},"147":{"start":{"line":404,"column":29},"end":{"line":404,"column":99}},"148":{"start":{"line":406,"column":8},"end":{"line":417,"column":null}},"149":{"start":{"line":407,"column":10},"end":{"line":416,"column":null}},"150":{"start":{"line":408,"column":12},"end":{"line":412,"column":14}},"151":{"start":{"line":414,"column":12},"end":{"line":414,"column":40}},"152":{"start":{"line":415,"column":12},"end":{"line":415,"column":19}},"153":{"start":{"line":419,"column":8},"end":{"line":419,"column":74}},"154":{"start":{"line":421,"column":8},"end":{"line":421,"column":73}},"155":{"start":{"line":424,"column":6},"end":{"line":424,"column":85}},"156":{"start":{"line":28,"column":0},"end":{"line":28,"column":21}}},"fnMap":{"0":{"name":"(anonymous_7)","decl":{"start":{"line":29,"column":2},"end":{"line":29,"column":31}},"loc":{"start":{"line":29,"column":47},"end":{"line":29,"column":51}}},"1":{"name":"(anonymous_8)","decl":{"start":{"line":31,"column":8},"end":{"line":31,"column":13}},"loc":{"start":{"line":31,"column":13},"end":{"line":43,"column":null}}},"2":{"name":"(anonymous_10)","decl":{"start":{"line":37,"column":18},"end":{"line":37,"column":21}},"loc":{"start":{"line":37,"column":24},"end":{"line":37,"column":55}}},"3":{"name":"(anonymous_11)","decl":{"start":{"line":39,"column":31},"end":{"line":39,"column":32}},"loc":{"start":{"line":39,"column":54},"end":{"line":39,"column":95}}},"4":{"name":"(anonymous_12)","decl":{"start":{"line":45,"column":16},"end":{"line":45,"column":33}},"loc":{"start":{"line":45,"column":33},"end":{"line":115,"column":null}}},"5":{"name":"(anonymous_14)","decl":{"start":{"line":95,"column":11},"end":{"line":95,"column":18}},"loc":{"start":{"line":95,"column":32},"end":{"line":110,"column":10}}},"6":{"name":"(anonymous_15)","decl":{"start":{"line":95,"column":32},"end":{"line":95,"column":null}},"loc":{"start":{"line":95,"column":32},"end":{"line":110,"column":9}}},"7":{"name":"(anonymous_16)","decl":{"start":{"line":117,"column":10},"end":{"line":117,"column":33}},"loc":{"start":{"line":117,"column":52},"end":{"line":130,"column":3}}},"8":{"name":"(anonymous_17)","decl":{"start":{"line":132,"column":16},"end":{"line":132,"column":43}},"loc":{"start":{"line":132,"column":58},"end":{"line":167,"column":null}}},"9":{"name":"(anonymous_19)","decl":{"start":{"line":169,"column":16},"end":{"line":169,"column":43}},"loc":{"start":{"line":169,"column":60},"end":{"line":280,"column":null}}},"10":{"name":"(anonymous_21)","decl":{"start":{"line":181,"column":48},"end":{"line":181,"column":49}},"loc":{"start":{"line":181,"column":77},"end":{"line":183,"column":7}}},"11":{"name":"(anonymous_22)","decl":{"start":{"line":182,"column":41},"end":{"line":182,"column":44}},"loc":{"start":{"line":182,"column":48},"end":{"line":182,"column":97}}},"12":{"name":"(anonymous_23)","decl":{"start":{"line":195,"column":79},"end":{"line":195,"column":80}},"loc":{"start":{"line":195,"column":120},"end":{"line":197,"column":7}}},"13":{"name":"(anonymous_24)","decl":{"start":{"line":201,"column":85},"end":{"line":201,"column":86}},"loc":{"start":{"line":201,"column":126},"end":{"line":203,"column":7}}},"14":{"name":"(anonymous_25)","decl":{"start":{"line":205,"column":71},"end":{"line":205,"column":72}},"loc":{"start":{"line":205,"column":101},"end":{"line":207,"column":7}}},"15":{"name":"(anonymous_26)","decl":{"start":{"line":209,"column":61},"end":{"line":209,"column":62}},"loc":{"start":{"line":209,"column":85},"end":{"line":211,"column":7}}},"16":{"name":"(anonymous_27)","decl":{"start":{"line":213,"column":72},"end":{"line":213,"column":73}},"loc":{"start":{"line":213,"column":109},"end":{"line":215,"column":7}}},"17":{"name":"(anonymous_28)","decl":{"start":{"line":217,"column":35},"end":{"line":217,"column":39}},"loc":{"start":{"line":217,"column":42},"end":{"line":219,"column":7}}},"18":{"name":"(anonymous_29)","decl":{"start":{"line":218,"column":31},"end":{"line":218,"column":35}},"loc":{"start":{"line":218,"column":39},"end":{"line":218,"column":58}}},"19":{"name":"(anonymous_30)","decl":{"start":{"line":219,"column":13},"end":{"line":219,"column":17}},"loc":{"start":{"line":219,"column":22},"end":{"line":223,"column":8}}},"20":{"name":"(anonymous_31)","decl":{"start":{"line":225,"column":65},"end":{"line":225,"column":66}},"loc":{"start":{"line":225,"column":111},"end":{"line":238,"column":7}}},"21":{"name":"(anonymous_32)","decl":{"start":{"line":226,"column":75},"end":{"line":226,"column":76}},"loc":{"start":{"line":226,"column":109},"end":{"line":228,"column":9}}},"22":{"name":"(anonymous_33)","decl":{"start":{"line":282,"column":10},"end":{"line":282,"column":16}},"loc":{"start":{"line":282,"column":59},"end":{"line":295,"column":3}}},"23":{"name":"(anonymous_34)","decl":{"start":{"line":297,"column":10},"end":{"line":297,"column":16}},"loc":{"start":{"line":297,"column":80},"end":{"line":313,"column":null}}},"24":{"name":"(anonymous_36)","decl":{"start":{"line":315,"column":10},"end":{"line":315,"column":16}},"loc":{"start":{"line":315,"column":99},"end":{"line":341,"column":null}}},"25":{"name":"(anonymous_38)","decl":{"start":{"line":343,"column":10},"end":{"line":343,"column":16}},"loc":{"start":{"line":346,"column":75},"end":{"line":361,"column":null}}},"26":{"name":"(anonymous_40)","decl":{"start":{"line":363,"column":10},"end":{"line":363,"column":16}},"loc":{"start":{"line":365,"column":22},"end":{"line":386,"column":3}}},"27":{"name":"(anonymous_41)","decl":{"start":{"line":372,"column":7},"end":{"line":372,"column":14}},"loc":{"start":{"line":372,"column":28},"end":{"line":385,"column":6}}},"28":{"name":"(anonymous_42)","decl":{"start":{"line":372,"column":28},"end":{"line":372,"column":null}},"loc":{"start":{"line":372,"column":28},"end":{"line":385,"column":5}}},"29":{"name":"(anonymous_43)","decl":{"start":{"line":388,"column":10},"end":{"line":388,"column":16}},"loc":{"start":{"line":388,"column":40},"end":{"line":426,"column":null}}}},"branchMap":{"0":{"loc":{"start":{"line":54,"column":8},"end":{"line":57,"column":null}},"type":"if","locations":[{"start":{"line":54,"column":8},"end":{"line":57,"column":null}},{"start":{"line":54,"column":8},"end":{"line":57,"column":null}}]},"1":{"loc":{"start":{"line":54,"column":12},"end":{"line":54,"column":41}},"type":"binary-expr","locations":[{"start":{"line":54,"column":12},"end":{"line":54,"column":41}},{"start":{"line":54,"column":45},"end":{"line":54,"column":95}}]},"2":{"loc":{"start":{"line":66,"column":8},"end":{"line":73,"column":null}},"type":"if","locations":[{"start":{"line":66,"column":8},"end":{"line":73,"column":null}},{"start":{"line":66,"column":8},"end":{"line":73,"column":null}}]},"3":{"loc":{"start":{"line":83,"column":8},"end":{"line":86,"column":null}},"type":"if","locations":[{"start":{"line":83,"column":8},"end":{"line":86,"column":null}},{"start":{"line":83,"column":8},"end":{"line":86,"column":null}}]},"4":{"loc":{"start":{"line":84,"column":115},"end":{"line":84,"column":122}},"type":"cond-expr","locations":[{"start":{"line":84,"column":115},"end":{"line":84,"column":122}},{"start":{"line":84,"column":125},"end":{"line":84,"column":136}}]},"5":{"loc":{"start":{"line":96,"column":10},"end":{"line":96,"column":120}},"type":"if","locations":[{"start":{"line":96,"column":10},"end":{"line":96,"column":120}},{"start":{"line":96,"column":10},"end":{"line":96,"column":120}}]},"6":{"loc":{"start":{"line":106,"column":10},"end":{"line":109,"column":null}},"type":"if","locations":[{"start":{"line":106,"column":10},"end":{"line":109,"column":null}},{"start":{"line":106,"column":10},"end":{"line":109,"column":null}}]},"7":{"loc":{"start":{"line":136,"column":6},"end":{"line":136,"column":66}},"type":"if","locations":[{"start":{"line":136,"column":6},"end":{"line":136,"column":66}},{"start":{"line":136,"column":6},"end":{"line":136,"column":66}}]},"8":{"loc":{"start":{"line":143,"column":6},"end":{"line":145,"column":null}},"type":"if","locations":[{"start":{"line":143,"column":6},"end":{"line":145,"column":null}},{"start":{"line":143,"column":6},"end":{"line":145,"column":null}}]},"9":{"loc":{"start":{"line":149,"column":6},"end":{"line":152,"column":null}},"type":"if","locations":[{"start":{"line":149,"column":6},"end":{"line":152,"column":null}},{"start":{"line":149,"column":6},"end":{"line":152,"column":null}}]},"10":{"loc":{"start":{"line":175,"column":6},"end":{"line":175,"column":28}},"type":"if","locations":[{"start":{"line":175,"column":6},"end":{"line":175,"column":28}},{"start":{"line":175,"column":6},"end":{"line":175,"column":28}}]},"11":{"loc":{"start":{"line":181,"column":26},"end":{"line":183,"column":8}},"type":"binary-expr","locations":[{"start":{"line":181,"column":26},"end":{"line":183,"column":8}},{"start":{"line":183,"column":12},"end":{"line":183,"column":33}}]},"12":{"loc":{"start":{"line":182,"column":48},"end":{"line":182,"column":70}},"type":"binary-expr","locations":[{"start":{"line":182,"column":48},"end":{"line":182,"column":70}},{"start":{"line":182,"column":74},"end":{"line":182,"column":97}}]},"13":{"loc":{"start":{"line":187,"column":6},"end":{"line":187,"column":32}},"type":"if","locations":[{"start":{"line":187,"column":6},"end":{"line":187,"column":32}},{"start":{"line":187,"column":6},"end":{"line":187,"column":32}}]},"14":{"loc":{"start":{"line":193,"column":20},"end":{"line":193,"column":62}},"type":"binary-expr","locations":[{"start":{"line":193,"column":20},"end":{"line":193,"column":62}},{"start":{"line":193,"column":66},"end":{"line":193,"column":78}}]},"15":{"loc":{"start":{"line":195,"column":38},"end":{"line":197,"column":8}},"type":"binary-expr","locations":[{"start":{"line":195,"column":38},"end":{"line":197,"column":8}},{"start":{"line":197,"column":12},"end":{"line":197,"column":39}}]},"16":{"loc":{"start":{"line":195,"column":39},"end":{"line":195,"column":66}},"type":"binary-expr","locations":[{"start":{"line":195,"column":39},"end":{"line":195,"column":66}},{"start":{"line":195,"column":70},"end":{"line":195,"column":72}}]},"17":{"loc":{"start":{"line":199,"column":23},"end":{"line":199,"column":68}},"type":"binary-expr","locations":[{"start":{"line":199,"column":23},"end":{"line":199,"column":68}},{"start":{"line":199,"column":72},"end":{"line":199,"column":84}}]},"18":{"loc":{"start":{"line":201,"column":41},"end":{"line":203,"column":8}},"type":"binary-expr","locations":[{"start":{"line":201,"column":41},"end":{"line":203,"column":8}},{"start":{"line":203,"column":12},"end":{"line":203,"column":39}}]},"19":{"loc":{"start":{"line":201,"column":42},"end":{"line":201,"column":72}},"type":"binary-expr","locations":[{"start":{"line":201,"column":42},"end":{"line":201,"column":72}},{"start":{"line":201,"column":76},"end":{"line":201,"column":78}}]},"20":{"loc":{"start":{"line":205,"column":28},"end":{"line":207,"column":37}},"type":"binary-expr","locations":[{"start":{"line":205,"column":28},"end":{"line":207,"column":37}},{"start":{"line":207,"column":41},"end":{"line":207,"column":43}}]},"21":{"loc":{"start":{"line":205,"column":29},"end":{"line":207,"column":8}},"type":"binary-expr","locations":[{"start":{"line":205,"column":29},"end":{"line":207,"column":8}},{"start":{"line":207,"column":12},"end":{"line":207,"column":30}}]},"22":{"loc":{"start":{"line":230,"column":31},"end":{"line":230,"column":51}},"type":"binary-expr","locations":[{"start":{"line":230,"column":31},"end":{"line":230,"column":51}},{"start":{"line":230,"column":55},"end":{"line":230,"column":78}}]},"23":{"loc":{"start":{"line":267,"column":6},"end":{"line":267,"column":107}},"type":"if","locations":[{"start":{"line":267,"column":6},"end":{"line":267,"column":107}},{"start":{"line":267,"column":6},"end":{"line":267,"column":107}}]},"24":{"loc":{"start":{"line":268,"column":6},"end":{"line":268,"column":113}},"type":"if","locations":[{"start":{"line":268,"column":6},"end":{"line":268,"column":113}},{"start":{"line":268,"column":6},"end":{"line":268,"column":113}}]},"25":{"loc":{"start":{"line":269,"column":6},"end":{"line":271,"column":null}},"type":"if","locations":[{"start":{"line":269,"column":6},"end":{"line":271,"column":null}},{"start":{"line":269,"column":6},"end":{"line":271,"column":null}}]},"26":{"loc":{"start":{"line":269,"column":10},"end":{"line":269,"column":22}},"type":"binary-expr","locations":[{"start":{"line":269,"column":10},"end":{"line":269,"column":22}},{"start":{"line":269,"column":26},"end":{"line":269,"column":62}}]},"27":{"loc":{"start":{"line":303,"column":6},"end":{"line":305,"column":null}},"type":"if","locations":[{"start":{"line":303,"column":6},"end":{"line":305,"column":null}},{"start":{"line":303,"column":6},"end":{"line":305,"column":null}}]},"28":{"loc":{"start":{"line":303,"column":10},"end":{"line":303,"column":38}},"type":"binary-expr","locations":[{"start":{"line":303,"column":10},"end":{"line":303,"column":38}},{"start":{"line":303,"column":42},"end":{"line":303,"column":92}}]},"29":{"loc":{"start":{"line":307,"column":6},"end":{"line":309,"column":null}},"type":"if","locations":[{"start":{"line":307,"column":6},"end":{"line":309,"column":null}},{"start":{"line":307,"column":6},"end":{"line":309,"column":null}}]},"30":{"loc":{"start":{"line":325,"column":8},"end":{"line":332,"column":null}},"type":"if","locations":[{"start":{"line":325,"column":8},"end":{"line":332,"column":null}},{"start":{"line":325,"column":8},"end":{"line":332,"column":null}}]},"31":{"loc":{"start":{"line":358,"column":4},"end":{"line":360,"column":null}},"type":"if","locations":[{"start":{"line":358,"column":4},"end":{"line":360,"column":null}},{"start":{"line":358,"column":4},"end":{"line":360,"column":null}}]},"32":{"loc":{"start":{"line":373,"column":6},"end":{"line":373,"column":110}},"type":"if","locations":[{"start":{"line":373,"column":6},"end":{"line":373,"column":110}},{"start":{"line":373,"column":6},"end":{"line":373,"column":110}}]},"33":{"loc":{"start":{"line":406,"column":8},"end":{"line":417,"column":null}},"type":"if","locations":[{"start":{"line":406,"column":8},"end":{"line":417,"column":null}},{"start":{"line":406,"column":8},"end":{"line":417,"column":null}}]},"34":{"loc":{"start":{"line":411,"column":36},"end":{"line":411,"column":53}},"type":"cond-expr","locations":[{"start":{"line":411,"column":36},"end":{"line":411,"column":53}},{"start":{"line":411,"column":56},"end":{"line":411,"column":81}}]}},"s":{"0":1,"1":1,"2":1,"3":1,"4":1,"5":1,"6":1,"7":13,"8":12,"9":12,"10":12,"11":12,"12":0,"13":12,"14":0,"15":0,"16":0,"17":0,"18":0,"19":0,"20":0,"21":0,"22":0,"23":0,"24":0,"25":0,"26":0,"27":0,"28":0,"29":0,"30":0,"31":0,"32":0,"33":0,"34":0,"35":0,"36":0,"37":0,"38":0,"39":0,"40":0,"41":0,"42":0,"43":0,"44":0,"45":0,"46":0,"47":0,"48":0,"49":0,"50":0,"51":0,"52":0,"53":0,"54":0,"55":0,"56":0,"57":0,"58":0,"59":0,"60":0,"61":0,"62":0,"63":0,"64":0,"65":0,"66":0,"67":0,"68":0,"69":0,"70":0,"71":0,"72":0,"73":0,"74":0,"75":0,"76":0,"77":0,"78":0,"79":0,"80":0,"81":0,"82":0,"83":0,"84":0,"85":0,"86":0,"87":0,"88":0,"89":0,"90":0,"91":0,"92":0,"93":0,"94":0,"95":0,"96":0,"97":0,"98":0,"99":0,"100":0,"101":0,"102":0,"103":0,"104":0,"105":0,"106":8,"107":8,"108":8,"109":11,"110":11,"111":11,"112":10,"113":1,"114":9,"115":1,"116":3,"117":8,"118":8,"119":8,"120":8,"121":8,"122":3,"123":2,"124":8,"125":0,"126":6,"127":6,"128":6,"129":4,"130":3,"131":0,"132":0,"133":0,"134":0,"135":0,"136":0,"137":0,"138":12,"139":12,"140":12,"141":11,"142":11,"143":11,"144":3,"145":3,"146":8,"147":8,"148":8,"149":6,"150":6,"151":5,"152":5,"153":3,"154":3,"155":0,"156":1},"f":{"0":13,"1":12,"2":0,"3":0,"4":0,"5":0,"6":0,"7":0,"8":0,"9":0,"10":0,"11":0,"12":0,"13":0,"14":0,"15":0,"16":0,"17":0,"18":0,"19":0,"20":0,"21":0,"22":8,"23":11,"24":8,"25":6,"26":3,"27":0,"28":0,"29":12},"b":{"0":[0,0],"1":[0,0],"2":[0,0],"3":[0,0],"4":[0,0],"5":[0,0],"6":[0,0],"7":[0,0],"8":[0,0],"9":[0,0],"10":[0,0],"11":[0,0],"12":[0,0],"13":[0,0],"14":[0,0],"15":[0,0],"16":[0,0],"17":[0,0],"18":[0,0],"19":[0,0],"20":[0,0],"21":[0,0],"22":[0,0],"23":[0,0],"24":[0,0],"25":[0,0],"26":[0,0],"27":[1,9],"28":[10,9],"29":[1,8],"30":[3,3],"31":[4,1],"32":[0,0],"33":[6,2],"34":[3,3]}}
,"/Users/dmytrocat/Projects/mconnect-bus-nodejs/src/modules/scheduler/index.ts": {"path":"/Users/dmytrocat/Projects/mconnect-bus-nodejs/src/modules/scheduler/index.ts","statementMap":{"0":{"start":{"line":1,"column":0},"end":{"line":1,"column":34}},"1":{"start":{"line":3,"column":0},"end":{"line":3,"column":36}},"2":{"start":{"line":4,"column":0},"end":{"line":4,"column":46}},"3":{"start":{"line":5,"column":0},"end":{"line":5,"column":38}},"4":{"start":{"line":7,"column":0},"end":{"line":7,"column":69}},"5":{"start":{"line":9,"column":0},"end":{"line":9,"column":65}},"6":{"start":{"line":23,"column":4},"end":{"line":23,"column":29}},"7":{"start":{"line":24,"column":4},"end":{"line":24,"column":142}},"8":{"start":{"line":25,"column":4},"end":{"line":29,"column":6}},"9":{"start":{"line":33,"column":4},"end":{"line":33,"column":39}},"10":{"start":{"line":35,"column":4},"end":{"line":35,"column":21}},"11":{"start":{"line":37,"column":4},"end":{"line":37,"column":49}},"12":{"start":{"line":37,"column":22},"end":{"line":37,"column":32}},"13":{"start":{"line":41,"column":66},"end":{"line":41,"column":82}},"14":{"start":{"line":43,"column":17},"end":{"line":43,"column":95}},"15":{"start":{"line":44,"column":17},"end":{"line":44,"column":51}},"16":{"start":{"line":46,"column":34},"end":{"line":59,"column":6}},"17":{"start":{"line":61,"column":4},"end":{"line":61,"column":104}},"18":{"start":{"line":61,"column":27},"end":{"line":61,"column":104}},"19":{"start":{"line":63,"column":4},"end":{"line":63,"column":27}},"20":{"start":{"line":67,"column":4},"end":{"line":111,"column":null}},"21":{"start":{"line":68,"column":25},"end":{"line":68,"column":48}},"22":{"start":{"line":70,"column":6},"end":{"line":73,"column":null}},"23":{"start":{"line":71,"column":8},"end":{"line":71,"column":103}},"24":{"start":{"line":72,"column":8},"end":{"line":72,"column":15}},"25":{"start":{"line":75,"column":6},"end":{"line":75,"column":59}},"26":{"start":{"line":75,"column":52},"end":{"line":75,"column":59}},"27":{"start":{"line":77,"column":27},"end":{"line":77,"column":117}},"28":{"start":{"line":79,"column":6},"end":{"line":79,"column":39}},"29":{"start":{"line":79,"column":32},"end":{"line":79,"column":39}},"30":{"start":{"line":81,"column":6},"end":{"line":84,"column":null}},"31":{"start":{"line":82,"column":8},"end":{"line":82,"column":139}},"32":{"start":{"line":83,"column":8},"end":{"line":83,"column":15}},"33":{"start":{"line":86,"column":25},"end":{"line":86,"column":41}},"34":{"start":{"line":88,"column":6},"end":{"line":93,"column":9}},"35":{"start":{"line":95,"column":34},"end":{"line":95,"column":79}},"36":{"start":{"line":97,"column":6},"end":{"line":97,"column":39}},"37":{"start":{"line":97,"column":32},"end":{"line":97,"column":39}},"38":{"start":{"line":99,"column":30},"end":{"line":99,"column":76}},"39":{"start":{"line":101,"column":6},"end":{"line":106,"column":9}},"40":{"start":{"line":108,"column":6},"end":{"line":108,"column":59}},"41":{"start":{"line":110,"column":6},"end":{"line":110,"column":75}},"42":{"start":{"line":115,"column":4},"end":{"line":136,"column":7}},"43":{"start":{"line":120,"column":28},"end":{"line":136,"column":6}},"44":{"start":{"line":121,"column":6},"end":{"line":121,"column":96}},"45":{"start":{"line":121,"column":17},"end":{"line":121,"column":96}},"46":{"start":{"line":124,"column":21},"end":{"line":130,"column":8}},"47":{"start":{"line":132,"column":6},"end":{"line":135,"column":null}},"48":{"start":{"line":133,"column":8},"end":{"line":133,"column":183}},"49":{"start":{"line":134,"column":8},"end":{"line":134,"column":15}},"50":{"start":{"line":140,"column":4},"end":{"line":148,"column":null}},"51":{"start":{"line":141,"column":39},"end":{"line":141,"column":85}},"52":{"start":{"line":143,"column":6},"end":{"line":145,"column":null}},"53":{"start":{"line":144,"column":8},"end":{"line":144,"column":57}},"54":{"start":{"line":147,"column":6},"end":{"line":147,"column":75}},"55":{"start":{"line":152,"column":4},"end":{"line":175,"column":null}},"56":{"start":{"line":153,"column":18},"end":{"line":153,"column":55}},"57":{"start":{"line":155,"column":6},"end":{"line":155,"column":23}},"58":{"start":{"line":155,"column":16},"end":{"line":155,"column":23}},"59":{"start":{"line":157,"column":21},"end":{"line":163,"column":8}},"60":{"start":{"line":165,"column":6},"end":{"line":168,"column":null}},"61":{"start":{"line":166,"column":8},"end":{"line":166,"column":182}},"62":{"start":{"line":167,"column":8},"end":{"line":167,"column":15}},"63":{"start":{"line":170,"column":6},"end":{"line":170,"column":110}},"64":{"start":{"line":172,"column":6},"end":{"line":172,"column":18}},"65":{"start":{"line":174,"column":6},"end":{"line":174,"column":69}},"66":{"start":{"line":179,"column":4},"end":{"line":187,"column":null}},"67":{"start":{"line":180,"column":36},"end":{"line":180,"column":63}},"68":{"start":{"line":182,"column":6},"end":{"line":184,"column":null}},"69":{"start":{"line":183,"column":8},"end":{"line":183,"column":63}},"70":{"start":{"line":186,"column":6},"end":{"line":186,"column":82}},"71":{"start":{"line":191,"column":4},"end":{"line":215,"column":null}},"72":{"start":{"line":192,"column":6},"end":{"line":192,"column":47}},"73":{"start":{"line":194,"column":6},"end":{"line":194,"column":40}},"74":{"start":{"line":196,"column":6},"end":{"line":210,"column":null}},"75":{"start":{"line":197,"column":31},"end":{"line":197,"column":68}},"76":{"start":{"line":199,"column":8},"end":{"line":199,"column":38}},"77":{"start":{"line":199,"column":29},"end":{"line":199,"column":38}},"78":{"start":{"line":200,"column":8},"end":{"line":200,"column":47}},"79":{"start":{"line":200,"column":38},"end":{"line":200,"column":47}},"80":{"start":{"line":202,"column":8},"end":{"line":209,"column":null}},"81":{"start":{"line":203,"column":10},"end":{"line":205,"column":null}},"82":{"start":{"line":204,"column":12},"end":{"line":204,"column":74}},"83":{"start":{"line":208,"column":10},"end":{"line":208,"column":79}},"84":{"start":{"line":212,"column":6},"end":{"line":212,"column":79}},"85":{"start":{"line":214,"column":6},"end":{"line":214,"column":58}},"86":{"start":{"line":17,"column":0},"end":{"line":17,"column":21}}},"fnMap":{"0":{"name":"(anonymous_7)","decl":{"start":{"line":22,"column":2},"end":{"line":22,"column":14}},"loc":{"start":{"line":22,"column":30},"end":{"line":30,"column":3}}},"1":{"name":"(anonymous_8)","decl":{"start":{"line":32,"column":8},"end":{"line":32,"column":13}},"loc":{"start":{"line":32,"column":13},"end":{"line":38,"column":null}}},"2":{"name":"(anonymous_10)","decl":{"start":{"line":37,"column":16},"end":{"line":37,"column":19}},"loc":{"start":{"line":37,"column":22},"end":{"line":37,"column":32}}},"3":{"name":"(anonymous_11)","decl":{"start":{"line":40,"column":10},"end":{"line":40,"column":33}},"loc":{"start":{"line":40,"column":69},"end":{"line":64,"column":3}}},"4":{"name":"(anonymous_12)","decl":{"start":{"line":66,"column":16},"end":{"line":66,"column":36}},"loc":{"start":{"line":66,"column":97},"end":{"line":112,"column":null}}},"5":{"name":"(anonymous_14)","decl":{"start":{"line":114,"column":16},"end":{"line":114,"column":28}},"loc":{"start":{"line":114,"column":70},"end":{"line":137,"column":null}}},"6":{"name":"(anonymous_16)","decl":{"start":{"line":120,"column":7},"end":{"line":120,"column":14}},"loc":{"start":{"line":120,"column":28},"end":{"line":136,"column":6}}},"7":{"name":"(anonymous_17)","decl":{"start":{"line":120,"column":28},"end":{"line":120,"column":null}},"loc":{"start":{"line":120,"column":28},"end":{"line":136,"column":5}}},"8":{"name":"(anonymous_18)","decl":{"start":{"line":139,"column":16},"end":{"line":139,"column":36}},"loc":{"start":{"line":139,"column":36},"end":{"line":149,"column":null}}},"9":{"name":"(anonymous_20)","decl":{"start":{"line":151,"column":16},"end":{"line":151,"column":30}},"loc":{"start":{"line":151,"column":69},"end":{"line":176,"column":null}}},"10":{"name":"(anonymous_22)","decl":{"start":{"line":178,"column":16},"end":{"line":178,"column":43}},"loc":{"start":{"line":178,"column":43},"end":{"line":188,"column":null}}},"11":{"name":"(anonymous_24)","decl":{"start":{"line":190,"column":16},"end":{"line":190,"column":19}},"loc":{"start":{"line":190,"column":19},"end":{"line":216,"column":null}}}},"branchMap":{"0":{"loc":{"start":{"line":61,"column":4},"end":{"line":61,"column":104}},"type":"if","locations":[{"start":{"line":61,"column":4},"end":{"line":61,"column":104}},{"start":{"line":61,"column":4},"end":{"line":61,"column":104}}]},"1":{"loc":{"start":{"line":70,"column":6},"end":{"line":73,"column":null}},"type":"if","locations":[{"start":{"line":70,"column":6},"end":{"line":73,"column":null}},{"start":{"line":70,"column":6},"end":{"line":73,"column":null}}]},"2":{"loc":{"start":{"line":75,"column":6},"end":{"line":75,"column":59}},"type":"if","locations":[{"start":{"line":75,"column":6},"end":{"line":75,"column":59}},{"start":{"line":75,"column":6},"end":{"line":75,"column":59}}]},"3":{"loc":{"start":{"line":79,"column":6},"end":{"line":79,"column":39}},"type":"if","locations":[{"start":{"line":79,"column":6},"end":{"line":79,"column":39}},{"start":{"line":79,"column":6},"end":{"line":79,"column":39}}]},"4":{"loc":{"start":{"line":81,"column":6},"end":{"line":84,"column":null}},"type":"if","locations":[{"start":{"line":81,"column":6},"end":{"line":84,"column":null}},{"start":{"line":81,"column":6},"end":{"line":84,"column":null}}]},"5":{"loc":{"start":{"line":81,"column":10},"end":{"line":81,"column":44}},"type":"binary-expr","locations":[{"start":{"line":81,"column":10},"end":{"line":81,"column":44}},{"start":{"line":81,"column":49},"end":{"line":81,"column":74}},{"start":{"line":81,"column":78},"end":{"line":81,"column":104}}]},"6":{"loc":{"start":{"line":97,"column":6},"end":{"line":97,"column":39}},"type":"if","locations":[{"start":{"line":97,"column":6},"end":{"line":97,"column":39}},{"start":{"line":97,"column":6},"end":{"line":97,"column":39}}]},"7":{"loc":{"start":{"line":121,"column":6},"end":{"line":121,"column":96}},"type":"if","locations":[{"start":{"line":121,"column":6},"end":{"line":121,"column":96}},{"start":{"line":121,"column":6},"end":{"line":121,"column":96}}]},"8":{"loc":{"start":{"line":132,"column":6},"end":{"line":135,"column":null}},"type":"if","locations":[{"start":{"line":132,"column":6},"end":{"line":135,"column":null}},{"start":{"line":132,"column":6},"end":{"line":135,"column":null}}]},"9":{"loc":{"start":{"line":155,"column":6},"end":{"line":155,"column":23}},"type":"if","locations":[{"start":{"line":155,"column":6},"end":{"line":155,"column":23}},{"start":{"line":155,"column":6},"end":{"line":155,"column":23}}]},"10":{"loc":{"start":{"line":165,"column":6},"end":{"line":168,"column":null}},"type":"if","locations":[{"start":{"line":165,"column":6},"end":{"line":168,"column":null}},{"start":{"line":165,"column":6},"end":{"line":168,"column":null}}]},"11":{"loc":{"start":{"line":199,"column":8},"end":{"line":199,"column":38}},"type":"if","locations":[{"start":{"line":199,"column":8},"end":{"line":199,"column":38}},{"start":{"line":199,"column":8},"end":{"line":199,"column":38}}]},"12":{"loc":{"start":{"line":200,"column":8},"end":{"line":200,"column":47}},"type":"if","locations":[{"start":{"line":200,"column":8},"end":{"line":200,"column":47}},{"start":{"line":200,"column":8},"end":{"line":200,"column":47}}]},"13":{"loc":{"start":{"line":202,"column":8},"end":{"line":209,"column":null}},"type":"if","locations":[{"start":{"line":202,"column":8},"end":{"line":209,"column":null}},{"start":{"line":202,"column":8},"end":{"line":209,"column":null}}]}},"s":{"0":0,"1":0,"2":0,"3":0,"4":0,"5":0,"6":0,"7":0,"8":0,"9":0,"10":0,"11":0,"12":0,"13":0,"14":0,"15":0,"16":0,"17":0,"18":0,"19":0,"20":0,"21":0,"22":0,"23":0,"24":0,"25":0,"26":0,"27":0,"28":0,"29":0,"30":0,"31":0,"32":0,"33":0,"34":0,"35":0,"36":0,"37":0,"38":0,"39":0,"40":0,"41":0,"42":0,"43":0,"44":0,"45":0,"46":0,"47":0,"48":0,"49":0,"50":0,"51":0,"52":0,"53":0,"54":0,"55":0,"56":0,"57":0,"58":0,"59":0,"60":0,"61":0,"62":0,"63":0,"64":0,"65":0,"66":0,"67":0,"68":0,"69":0,"70":0,"71":0,"72":0,"73":0,"74":0,"75":0,"76":0,"77":0,"78":0,"79":0,"80":0,"81":0,"82":0,"83":0,"84":0,"85":0,"86":0},"f":{"0":0,"1":0,"2":0,"3":0,"4":0,"5":0,"6":0,"7":0,"8":0,"9":0,"10":0,"11":0},"b":{"0":[0,0],"1":[0,0],"2":[0,0],"3":[0,0],"4":[0,0],"5":[0,0,0],"6":[0,0],"7":[0,0],"8":[0,0],"9":[0,0],"10":[0,0],"11":[0,0],"12":[0,0],"13":[0,0]}}
,"/Users/dmytrocat/Projects/mconnect-bus-nodejs/src/modules/server/index.ts": {"path":"/Users/dmytrocat/Projects/mconnect-bus-nodejs/src/modules/server/index.ts","statementMap":{"0":{"start":{"line":1,"column":0},"end":{"line":1,"column":24}},"1":{"start":{"line":3,"column":0},"end":{"line":3,"column":46}},"2":{"start":{"line":5,"column":0},"end":{"line":5,"column":38}},"3":{"start":{"line":9,"column":21},"end":{"line":9,"column":34}},"4":{"start":{"line":11,"column":4},"end":{"line":36,"column":75}},"5":{"start":{"line":12,"column":22},"end":{"line":12,"column":25}},"6":{"start":{"line":14,"column":6},"end":{"line":35,"column":null}},"7":{"start":{"line":15,"column":32},"end":{"line":17,"column":10}},"8":{"start":{"line":19,"column":8},"end":{"line":19,"column":109}},"9":{"start":{"line":20,"column":8},"end":{"line":20,"column":49}},"10":{"start":{"line":23,"column":29},"end":{"line":29,"column":10}},"11":{"start":{"line":31,"column":8},"end":{"line":31,"column":116}},"12":{"start":{"line":33,"column":8},"end":{"line":33,"column":60}},"13":{"start":{"line":34,"column":8},"end":{"line":34,"column":46}},"14":{"start":{"line":36,"column":26},"end":{"line":36,"column":73}},"15":{"start":{"line":7,"column":0},"end":{"line":7,"column":21}}},"fnMap":{"0":{"name":"(anonymous_1)","decl":{"start":{"line":8,"column":2},"end":{"line":8,"column":7}},"loc":{"start":{"line":8,"column":7},"end":{"line":37,"column":3}}},"1":{"name":"(anonymous_2)","decl":{"start":{"line":11,"column":22},"end":{"line":11,"column":23}},"loc":{"start":{"line":11,"column":35},"end":{"line":36,"column":5}}},"2":{"name":"(anonymous_3)","decl":{"start":{"line":36,"column":20},"end":{"line":36,"column":23}},"loc":{"start":{"line":36,"column":26},"end":{"line":36,"column":73}}}},"branchMap":{"0":{"loc":{"start":{"line":14,"column":6},"end":{"line":35,"column":null}},"type":"if","locations":[{"start":{"line":14,"column":6},"end":{"line":35,"column":null}},{"start":{"line":14,"column":6},"end":{"line":35,"column":null}}]}},"s":{"0":0,"1":0,"2":0,"3":0,"4":0,"5":0,"6":0,"7":0,"8":0,"9":0,"10":0,"11":0,"12":0,"13":0,"14":0,"15":0},"f":{"0":0,"1":0,"2":0},"b":{"0":[0,0]}}
}
