TN:
SF:/Users/dmytrocat/Projects/mconnect-bus-nodejs/src/modules/registrator/index.ts
FN:29,(anonymous_7)
FN:31,(anonymous_8)
FN:37,(anonymous_10)
FN:39,(anonymous_11)
FN:45,(anonymous_12)
FN:95,(anonymous_14)
FN:95,(anonymous_15)
FN:117,(anonymous_16)
FN:132,(anonymous_17)
FN:169,(anonymous_19)
FN:181,(anonymous_21)
FN:182,(anonymous_22)
FN:195,(anonymous_23)
FN:201,(anonymous_24)
FN:205,(anonymous_25)
FN:209,(anonymous_26)
FN:213,(anonymous_27)
FN:217,(anonymous_28)
FN:218,(anonymous_29)
FN:219,(anonymous_30)
FN:225,(anonymous_31)
FN:226,(anonymous_32)
FN:282,(anonymous_33)
FN:297,(anonymous_34)
FN:315,(anonymous_36)
FN:343,(anonymous_38)
FN:363,(anonymous_40)
FN:372,(anonymous_41)
FN:372,(anonymous_42)
FN:388,(anonymous_43)
FNF:30
FNH:8
FNDA:13,(anonymous_7)
FNDA:12,(anonymous_8)
FNDA:0,(anonymous_10)
FNDA:0,(anonymous_11)
FNDA:0,(anonymous_12)
FNDA:0,(anonymous_14)
FNDA:0,(anonymous_15)
FNDA:0,(anonymous_16)
FNDA:0,(anonymous_17)
FNDA:0,(anonymous_19)
FNDA:0,(anonymous_21)
FNDA:0,(anonymous_22)
FNDA:0,(anonymous_23)
FNDA:0,(anonymous_24)
FNDA:0,(anonymous_25)
FNDA:0,(anonymous_26)
FNDA:0,(anonymous_27)
FNDA:0,(anonymous_28)
FNDA:0,(anonymous_29)
FNDA:0,(anonymous_30)
FNDA:0,(anonymous_31)
FNDA:0,(anonymous_32)
FNDA:8,(anonymous_33)
FNDA:11,(anonymous_34)
FNDA:8,(anonymous_36)
FNDA:6,(anonymous_38)
FNDA:3,(anonymous_40)
FNDA:0,(anonymous_41)
FNDA:0,(anonymous_42)
FNDA:12,(anonymous_43)
DA:1,1
DA:4,1
DA:6,1
DA:7,1
DA:8,1
DA:10,1
DA:12,1
DA:28,1
DA:29,13
DA:32,12
DA:34,12
DA:35,12
DA:37,12
DA:39,12
DA:41,0
DA:46,0
DA:47,0
DA:49,0
DA:50,0
DA:52,0
DA:54,0
DA:55,0
DA:56,0
DA:59,0
DA:64,0
DA:66,0
DA:67,0
DA:75,0
DA:83,0
DA:84,0
DA:85,0
DA:88,0
DA:90,0
DA:95,0
DA:96,0
DA:98,0
DA:106,0
DA:107,0
DA:108,0
DA:113,0
DA:118,0
DA:119,0
DA:121,0
DA:133,0
DA:134,0
DA:136,0
DA:138,0
DA:143,0
DA:144,0
DA:147,0
DA:149,0
DA:150,0
DA:151,0
DA:154,0
DA:161,0
DA:163,0
DA:165,0
DA:170,0
DA:171,0
DA:173,0
DA:175,0
DA:177,0
DA:179,0
DA:181,0
DA:182,0
DA:185,0
DA:187,0
DA:189,0
DA:191,0
DA:193,0
DA:195,0
DA:196,0
DA:199,0
DA:201,0
DA:202,0
DA:205,0
DA:206,0
DA:209,0
DA:210,0
DA:213,0
DA:214,0
DA:217,0
DA:218,0
DA:219,0
DA:225,0
DA:226,0
DA:227,0
DA:230,0
DA:232,0
DA:240,0
DA:267,0
DA:268,0
DA:269,0
DA:270,0
DA:274,0
DA:276,0
DA:278,0
DA:283,8
DA:284,8
DA:286,8
DA:298,11
DA:300,11
DA:301,11
DA:303,10
DA:304,1
DA:307,9
DA:308,1
DA:311,3
DA:316,8
DA:318,8
DA:319,8
DA:324,8
DA:325,8
DA:326,3
DA:334,2
DA:337,8
DA:339,0
DA:348,6
DA:350,6
DA:358,6
DA:359,4
DA:367,3
DA:372,0
DA:373,0
DA:375,0
DA:376,0
DA:382,0
DA:383,0
DA:389,12
DA:390,12
DA:392,12
DA:393,11
DA:395,11
DA:396,11
DA:398,3
DA:399,3
DA:402,8
DA:404,8
DA:406,8
DA:407,6
DA:408,6
DA:414,5
DA:415,5
DA:419,3
DA:421,3
DA:424,0
LF:146
LH:55
BRDA:54,0,0,0
BRDA:54,0,1,0
BRDA:54,1,0,0
BRDA:54,1,1,0
BRDA:66,2,0,0
BRDA:66,2,1,0
BRDA:83,3,0,0
BRDA:83,3,1,0
BRDA:84,4,0,0
BRDA:84,4,1,0
BRDA:96,5,0,0
BRDA:96,5,1,0
BRDA:106,6,0,0
BRDA:106,6,1,0
BRDA:136,7,0,0
BRDA:136,7,1,0
BRDA:143,8,0,0
BRDA:143,8,1,0
BRDA:149,9,0,0
BRDA:149,9,1,0
BRDA:175,10,0,0
BRDA:175,10,1,0
BRDA:181,11,0,0
BRDA:181,11,1,0
BRDA:182,12,0,0
BRDA:182,12,1,0
BRDA:187,13,0,0
BRDA:187,13,1,0
BRDA:193,14,0,0
BRDA:193,14,1,0
BRDA:195,15,0,0
BRDA:195,15,1,0
BRDA:195,16,0,0
BRDA:195,16,1,0
BRDA:199,17,0,0
BRDA:199,17,1,0
BRDA:201,18,0,0
BRDA:201,18,1,0
BRDA:201,19,0,0
BRDA:201,19,1,0
BRDA:205,20,0,0
BRDA:205,20,1,0
BRDA:205,21,0,0
BRDA:205,21,1,0
BRDA:230,22,0,0
BRDA:230,22,1,0
BRDA:267,23,0,0
BRDA:267,23,1,0
BRDA:268,24,0,0
BRDA:268,24,1,0
BRDA:269,25,0,0
BRDA:269,25,1,0
BRDA:269,26,0,0
BRDA:269,26,1,0
BRDA:303,27,0,1
BRDA:303,27,1,9
BRDA:303,28,0,10
BRDA:303,28,1,9
BRDA:307,29,0,1
BRDA:307,29,1,8
BRDA:325,30,0,3
BRDA:325,30,1,3
BRDA:358,31,0,4
BRDA:358,31,1,1
BRDA:373,32,0,0
BRDA:373,32,1,0
BRDA:406,33,0,6
BRDA:406,33,1,2
BRDA:411,34,0,3
BRDA:411,34,1,3
BRF:70
BRH:14
end_of_record
TN:
SF:/Users/dmytrocat/Projects/mconnect-bus-nodejs/src/modules/scheduler/index.ts
FN:22,(anonymous_7)
FN:32,(anonymous_8)
FN:37,(anonymous_10)
FN:40,(anonymous_11)
FN:66,(anonymous_12)
FN:114,(anonymous_14)
FN:120,(anonymous_16)
FN:120,(anonymous_17)
FN:139,(anonymous_18)
FN:151,(anonymous_20)
FN:178,(anonymous_22)
FN:190,(anonymous_24)
FNF:12
FNH:0
FNDA:0,(anonymous_7)
FNDA:0,(anonymous_8)
FNDA:0,(anonymous_10)
FNDA:0,(anonymous_11)
FNDA:0,(anonymous_12)
FNDA:0,(anonymous_14)
FNDA:0,(anonymous_16)
FNDA:0,(anonymous_17)
FNDA:0,(anonymous_18)
FNDA:0,(anonymous_20)
FNDA:0,(anonymous_22)
FNDA:0,(anonymous_24)
DA:1,0
DA:3,0
DA:4,0
DA:5,0
DA:7,0
DA:9,0
DA:17,0
DA:23,0
DA:24,0
DA:25,0
DA:33,0
DA:35,0
DA:37,0
DA:41,0
DA:43,0
DA:44,0
DA:46,0
DA:61,0
DA:63,0
DA:67,0
DA:68,0
DA:70,0
DA:71,0
DA:72,0
DA:75,0
DA:77,0
DA:79,0
DA:81,0
DA:82,0
DA:83,0
DA:86,0
DA:88,0
DA:95,0
DA:97,0
DA:99,0
DA:101,0
DA:108,0
DA:110,0
DA:115,0
DA:120,0
DA:121,0
DA:124,0
DA:132,0
DA:133,0
DA:134,0
DA:140,0
DA:141,0
DA:143,0
DA:144,0
DA:147,0
DA:152,0
DA:153,0
DA:155,0
DA:157,0
DA:165,0
DA:166,0
DA:167,0
DA:170,0
DA:172,0
DA:174,0
DA:179,0
DA:180,0
DA:182,0
DA:183,0
DA:186,0
DA:191,0
DA:192,0
DA:194,0
DA:196,0
DA:197,0
DA:199,0
DA:200,0
DA:202,0
DA:203,0
DA:204,0
DA:208,0
DA:212,0
DA:214,0
LF:78
LH:0
BRDA:61,0,0,0
BRDA:61,0,1,0
BRDA:70,1,0,0
BRDA:70,1,1,0
BRDA:75,2,0,0
BRDA:75,2,1,0
BRDA:79,3,0,0
BRDA:79,3,1,0
BRDA:81,4,0,0
BRDA:81,4,1,0
BRDA:81,5,0,0
BRDA:81,5,1,0
BRDA:81,5,2,0
BRDA:97,6,0,0
BRDA:97,6,1,0
BRDA:121,7,0,0
BRDA:121,7,1,0
BRDA:132,8,0,0
BRDA:132,8,1,0
BRDA:155,9,0,0
BRDA:155,9,1,0
BRDA:165,10,0,0
BRDA:165,10,1,0
BRDA:199,11,0,0
BRDA:199,11,1,0
BRDA:200,12,0,0
BRDA:200,12,1,0
BRDA:202,13,0,0
BRDA:202,13,1,0
BRF:29
BRH:0
end_of_record
TN:
SF:/Users/dmytrocat/Projects/mconnect-bus-nodejs/src/modules/server/index.ts
FN:8,(anonymous_1)
FN:11,(anonymous_2)
FN:36,(anonymous_3)
FNF:3
FNH:0
FNDA:0,(anonymous_1)
FNDA:0,(anonymous_2)
FNDA:0,(anonymous_3)
DA:1,0
DA:3,0
DA:5,0
DA:7,0
DA:9,0
DA:11,0
DA:12,0
DA:14,0
DA:15,0
DA:19,0
DA:20,0
DA:23,0
DA:31,0
DA:33,0
DA:34,0
DA:36,0
LF:16
LH:0
BRDA:14,0,0,0
BRDA:14,0,1,0
BRF:2
BRH:0
end_of_record
